\BOOKMARK [1][-]{section.1}{\376\377\137\025\212\000}{}% 1
\BOOKMARK [1][-]{section.2}{\376\377\116\300\116\110\146\057\143\320\171\072\213\315\135\345\172\013}{}% 2
\BOOKMARK [2][-]{subsection.2.1}{\376\377\200\314\146\157\116\016\221\315\211\201\140\047}{section.2}% 3
\BOOKMARK [1][-]{section.3}{\376\377\143\320\171\072\213\315\213\276\213\241\126\333\131\047\123\237\122\031}{}% 4
\BOOKMARK [1][-]{section.4}{\376\377\136\070\211\301\143\320\171\072\213\315\152\041\162\110}{}% 5
\BOOKMARK [2][-]{subsection.4.1}{\376\377\000Z\000e\000r\000o\000-\000S\000h\000o\000t\000\040\000P\000r\000o\000m\000p\000t}{section.4}% 6
\BOOKMARK [2][-]{subsection.4.2}{\376\377\000F\000e\000w\000-\000S\000h\000o\000t\000\040\000P\000r\000o\000m\000p\000t}{section.4}% 7
\BOOKMARK [2][-]{subsection.4.3}{\376\377\000C\000h\000a\000i\000n\000-\000o\000f\000-\000T\000h\000o\000u\000g\000h\000t\377\010\000C\000o\000T\377\011}{section.4}% 8
\BOOKMARK [2][-]{subsection.4.4}{\376\377\000R\000e\000A\000c\000t\150\106\147\266\377\010\000R\000e\000a\000s\000o\000n\000i\000n\000g\000\040\000+\000\040\000A\000c\000t\000i\000n\000g\377\011}{section.4}% 9
\BOOKMARK [2][-]{subsection.4.5}{\376\377\143\007\116\344\000\040\000+\000\040\217\223\121\372\152\041\147\177}{section.4}% 10
\BOOKMARK [1][-]{section.5}{\376\377\143\320\171\072\213\315\147\204\136\372\150\106\147\266\131\047\121\150}{}% 11
\BOOKMARK [2][-]{subsection.5.1}{\376\377\000I\000C\000I\000O\150\106\147\266}{section.5}% 12
\BOOKMARK [2][-]{subsection.5.2}{\376\377\000C\000R\000I\000S\000P\000E\150\106\147\266}{section.5}% 13
\BOOKMARK [2][-]{subsection.5.3}{\376\377\000B\000R\000O\000K\000E\150\106\147\266}{section.5}% 14
\BOOKMARK [2][-]{subsection.5.4}{\376\377\000A\000P\000E\150\106\147\266}{section.5}% 15
\BOOKMARK [2][-]{subsection.5.5}{\376\377\000R\000I\000S\000E\150\106\147\266}{section.5}% 16
\BOOKMARK [2][-]{subsection.5.6}{\376\377\000C\000O\000A\000S\000T\150\106\147\266}{section.5}% 17
\BOOKMARK [2][-]{subsection.5.7}{\376\377\000T\000A\000G\150\106\147\266}{section.5}% 18
\BOOKMARK [1][-]{section.6}{\376\377\133\236\142\030\150\110\117\213}{}% 19
\BOOKMARK [2][-]{subsection.6.1}{\376\377\145\207\147\054\122\006\174\173}{section.6}% 20
\BOOKMARK [2][-]{subsection.6.2}{\376\377\116\343\170\001\165\037\142\020}{section.6}% 21
\BOOKMARK [2][-]{subsection.6.3}{\376\377\144\130\211\201\165\037\142\020}{section.6}% 22
\BOOKMARK [2][-]{subsection.6.4}{\376\377\177\373\213\321\116\016\150\074\137\017\123\026}{section.6}% 23
\BOOKMARK [2][-]{subsection.6.5}{\376\377\117\341\140\157\142\275\123\326\377\010\176\323\147\204\123\026\217\223\121\372\377\011}{section.6}% 24
\BOOKMARK [2][-]{subsection.6.6}{\376\377\131\032\217\156\133\371\213\335\116\016\135\345\121\167\214\003\165\050\377\010\000R\000e\000A\000c\000t\377\011}{section.6}% 25
\BOOKMARK [1][-]{section.7}{\376\377\232\330\176\247\142\200\135\347}{}% 26
\BOOKMARK [2][-]{subsection.7.1}{\376\377\140\035\176\364\224\376\143\320\171\072\000\040\000\050\000C\000h\000a\000i\000n\000-\000o\000f\000-\000T\000h\000o\000u\000g\000h\000t\000\040\000P\000r\000o\000m\000p\000t\000i\000n\000g\000\051}{section.7}% 27
\BOOKMARK [1][-]{section.8}{\376\377\136\070\211\301\226\167\226\061\116\016\214\003\117\030}{}% 28
\BOOKMARK [1][-]{section.9}{\376\377\213\304\117\060\116\016\217\355\116\343\143\320\171\072\213\315}{}% 29
\BOOKMARK [2][-]{subsection.9.1}{\376\377\213\304\117\060\150\106\147\266}{section.9}% 30
\BOOKMARK [2][-]{subsection.9.2}{\376\377\213\304\117\060\145\271\154\325}{section.9}% 31
\BOOKMARK [2][-]{subsection.9.3}{\376\377\217\355\116\343\173\126\165\145}{section.9}% 32
\BOOKMARK [1][-]{section.10}{\376\377\210\114\116\032\136\224\165\050\150\110\117\213}{}% 33
\BOOKMARK [2][-]{subsection.10.1}{\376\377\123\073\165\227\120\145\136\267}{section.10}% 34
\BOOKMARK [2][-]{subsection.10.2}{\376\377\221\321\207\215\147\015\122\241}{section.10}% 35
\BOOKMARK [2][-]{subsection.10.3}{\376\377\154\325\137\213\116\016\124\010\211\304}{section.10}% 36
\BOOKMARK [2][-]{subsection.10.4}{\376\377\145\131\200\262\116\016\127\371\213\255}{section.10}% 37
\BOOKMARK [1][-]{section.11}{\376\377\176\323\213\355}{}% 38
\BOOKMARK [1][-]{section.12}{\376\377\226\104\137\125\000A\377\032\143\320\171\072\213\315\135\345\172\013\166\204\123\206\123\362\116\016\157\024\123\330}{}% 39
\BOOKMARK [2][-]{subsection.12.1}{\376\377\116\316\211\304\122\031\122\060\171\136\176\317\177\121\176\334}{section.12}% 40
\BOOKMARK [2][-]{subsection.12.2}{\376\377\121\163\225\056\221\314\172\013\170\221}{section.12}% 41
\BOOKMARK [2][-]{subsection.12.3}{\376\377\116\316\142\113\135\345\122\060\201\352\122\250\123\026}{section.12}% 42
\BOOKMARK [1][-]{section.13}{\376\377\226\104\137\125\000B\377\032\143\320\171\072\213\315\135\345\172\013\217\333\226\066\142\200\147\057}{}% 43
\BOOKMARK [2][-]{subsection.13.1}{\376\377\131\015\147\102\116\373\122\241\122\006\211\343}{section.13}% 44
\BOOKMARK [2][-]{subsection.13.2}{\376\377\143\320\171\072\213\315\152\041\147\177\176\304\124\010}{section.13}% 45
\BOOKMARK [2][-]{subsection.13.3}{\376\377\116\012\116\013\145\207\133\146\116\140\117\030\123\026}{section.13}% 46
\BOOKMARK [2][-]{subsection.13.4}{\376\377\131\032\217\156\143\320\171\072\117\030\123\026}{section.13}% 47
\BOOKMARK [2][-]{subsection.13.5}{\376\377\143\320\171\072\213\315\133\211\121\150\116\016\133\371\142\227\140\047\142\200\147\057}{section.13}% 48
\BOOKMARK [1][-]{section.14}{\376\377\226\104\137\125\000C\377\032\143\320\171\072\213\315\135\345\172\013\135\345\121\167\116\016\215\104\156\220}{}% 49
\BOOKMARK [2][-]{subsection.14.1}{\376\377\143\320\171\072\213\315\137\000\123\321\135\345\121\167}{section.14}% 50
\BOOKMARK [2][-]{subsection.14.2}{\376\377\143\320\171\072\213\315\135\345\172\013\147\000\117\163\133\236\215\365}{section.14}% 51
\BOOKMARK [2][-]{subsection.14.3}{\376\377\143\320\171\072\213\315\135\345\172\013\133\146\116\140\215\357\137\204}{section.14}% 52
\BOOKMARK [1][-]{section.15}{\376\377\226\104\137\125\000D\377\032\143\320\171\072\213\315\135\345\172\013\166\204\147\052\147\145\134\125\147\033}{}% 53
\BOOKMARK [2][-]{subsection.15.1}{\376\377\143\320\171\072\213\315\201\352\220\002\136\224\142\200\147\057}{section.15}% 54
\BOOKMARK [2][-]{subsection.15.2}{\376\377\143\320\171\072\213\315\135\345\172\013\116\016\121\166\116\326\142\200\147\057\166\204\207\215\124\010}{section.15}% 55
\BOOKMARK [2][-]{subsection.15.3}{\376\377\143\320\171\072\213\315\135\345\172\013\166\204\117\046\164\006\143\021\142\030}{section.15}% 56
